<?xml version="1.0" encoding="UTF-8"?>
<!-- Generated by org.testng.reporters.JUnitReportReporter -->
<testsuite skipped="0" hostname="LAPTOP-R03PR2V2" name="com.usa.testrunner.TestRunner" tests="1" failures="0" timestamp="05 Dec 2017 02:20:00 GMT" time="0.011" errors="0">
  <testcase name="feature" time="0.011" classname="com.usa.testrunner.TestRunner"/>
</testsuite> <!-- com.usa.testrunner.TestRunner -->
